<?xml version="1.0" encoding="UTF-8"?>
<testsuite name="hello.hellospring.service.MemberServiceTest" tests="1" skipped="0" failures="0" errors="0" timestamp="2022-01-05T06:17:11" hostname="A201808029-02.local" time="0.017">
  <properties/>
  <testcase name="회원가입()" classname="hello.hellospring.service.MemberServiceTest" time="0.017"/>
  <system-out><![CDATA[]]></system-out>
  <system-err><![CDATA[]]></system-err>
</testsuite>
